import time: self [us] | cumulative | imported package
import time:       131 |        131 |   _io
import time:        34 |         34 |   marshal
import time:       232 |        232 |   posix
import time:       809 |       1205 | _frozen_importlib_external
import time:        70 |         70 |   time
import time:       231 |        300 | zipimport
import time:        26 |         26 |     _codecs
import time:       342 |        368 |   codecs
import time:       591 |        591 |   encodings.aliases
import time:       890 |       1848 | encodings
import time:       163 |        163 | encodings.utf_8
import time:       142 |        142 | _signal
import time:        18 |         18 |     _abc
import time:       332 |        350 |   abc
import time:       695 |       1044 | io
import time:        39 |         39 |       _stat
import time:       332 |        371 |     stat
import time:       488 |        488 |     _collections_abc
import time:        23 |         23 |       genericpath
import time:       305 |        328 |     posixpath
import time:      1009 |       2194 |   os
import time:       104 |        104 |   _sitebuiltins
import time:     12495 |      12495 |   _distutils_hack
import time:      3038 |       3038 |     apport_python_hook
import time:       383 |       3420 |   sitecustomize
import time:     48381 |      66592 | site
import time:       383 |        383 |     types
import time:       575 |        575 |     _ctypes
import time:        58 |         58 |       _struct
import time:       500 |        558 |     struct
import time:       299 |        299 |     ctypes._endian
import time:      2017 |       3829 |   ctypes
import time:       135 |        135 |         itertools
import time:       440 |        440 |         keyword
import time:        38 |         38 |           _operator
import time:       554 |        592 |         operator
import time:       576 |        576 |         reprlib
import time:       101 |        101 |         _collections
import time:      2802 |       4642 |       collections
import time:        35 |         35 |         _functools
import time:      1887 |       1921 |       functools
import time:      1057 |       7619 |     contextlib
import time:      1180 |       1180 |       enum
import time:        50 |         50 |         _sre
import time:       474 |        474 |           re._constants
import time:       984 |       1457 |         re._parser
import time:       111 |        111 |         re._casefix
import time:       892 |       2509 |       re._compiler
import time:       659 |        659 |       copyreg
import time:      1262 |       5607 |     re
import time:       503 |        503 |     fnmatch
import time:      1314 |      15042 |   glob
import time:       571 |        571 |     warnings
import time:       759 |       1329 |   importlib
import time:       513 |        513 |       _ast
import time:      1919 |       2432 |     ast
import time:        33 |         33 |         _opcode
import time:       621 |        654 |       opcode
import time:      1158 |       1811 |     dis
import time:       162 |        162 |     collections.abc
import time:        51 |         51 |     importlib.machinery
import time:       384 |        384 |         token
import time:      1185 |       1569 |       tokenize
import time:       631 |       2200 |     linecache
import time:      3169 |       9823 |   inspect
import time:        76 |         76 |   math
import time:      1620 |       1620 |   platform
import time:       872 |        872 |   textwrap
import time:       425 |        425 |     _weakrefset
import time:       864 |       1289 |   threading
import time:       585 |        585 |     _typing
import time:      2670 |       3254 |   typing
import time:     16913 |      16913 |   typing_extensions
import time:       988 |        988 |       traceback
import time:       633 |        633 |       weakref
import time:        34 |         34 |         _string
import time:       810 |        844 |       string
import time:        36 |         36 |       atexit
import time:      3526 |       6025 |     logging
import time:     26364 |      32389 |   torch._utils
import time:        46 |         46 |         errno
import time:       140 |        140 |         zlib
import time:       532 |        532 |           _compression
import time:       486 |        486 |           _bz2
import time:      1207 |       2225 |         bz2
import time:       731 |        731 |           _lzma
import time:       922 |       1653 |         lzma
import time:      1600 |       5661 |       shutil
import time:        28 |         28 |           _bisect
import time:       441 |        468 |         bisect
import time:        29 |         29 |         _random
import time:        39 |         39 |         _sha512
import time:      1352 |       1886 |       random
import time:      1257 |       8803 |     tempfile
import time:     28113 |      28113 |       torch._strobelight
import time:        68 |         68 |         _datetime
import time:      1327 |       1395 |       datetime
import time:       236 |        236 |         _socket
import time:        73 |         73 |           select
import time:      1304 |       1376 |         selectors
import time:        45 |         45 |         array
import time:      1862 |       3517 |       socket
import time:        63 |         63 |             _locale
import time:      1467 |       1529 |           locale
import time:       903 |        903 |           signal
import time:        84 |         84 |           fcntl
import time:      3003 |       3003 |           msvcrt
import time:        60 |         60 |           _posixsubprocess
import time:      2025 |       7601 |         subprocess
import time:        40 |         40 |           gc
import time:       690 |        729 |         timeit
import time:     20897 |      29227 |       torch._strobelight.cli_function_profiler
import time:     31716 |      93966 |     torch._strobelight.compile_time_profiler
import time:     16572 |     119341 |   torch._utils_internal
import time:     27898 |      27898 |         torch._vendor
import time:     45386 |      73284 |       torch._vendor.packaging
import time:     18329 |      18329 |       torch._vendor.packaging._structures
import time:     37935 |     129548 |     torch._vendor.packaging.version
import time:     14155 |      14155 |     torch.version
import time:     16342 |     160044 |   torch.torch_version
import time:     17820 |      17820 |           numpy._utils._convertions
import time:     14870 |      32689 |         numpy._utils
import time:      9874 |      42562 |       numpy._globals
import time:      7262 |       7262 |       numpy.exceptions
import time:      8937 |       8937 |       numpy.version
import time:      1102 |       1102 |         numpy._distributor_init_local
import time:      9530 |      10631 |       numpy._distributor_init
import time:     11249 |      11249 |                 numpy._utils._inspect
import time:      5292 |       5292 |                   numpy.core._exceptions
import time:      4427 |       4427 |                   numpy.dtypes
import time:    420203 |     429921 |                 numpy.core._multiarray_umath
import time:     11964 |     453133 |               numpy.core.overrides
import time:     17888 |     471021 |             numpy.core.multiarray
import time:      5763 |       5763 |             numpy.core.umath
import time:      1049 |       1049 |               numbers
import time:      5276 |       5276 |               numpy.core._string_helpers
import time:       488 |        488 |                         urllib
import time:      1319 |       1807 |                       urllib.parse
import time:       763 |        763 |                         _winapi
import time:       537 |        537 |                         nt
import time:       727 |        727 |                         nt
import time:       486 |        486 |                         nt
import time:       518 |        518 |                         nt
import time:       551 |        551 |                         nt
import time:      1318 |       4896 |                       ntpath
import time:      2284 |       8986 |                     pathlib
import time:       674 |        674 |                     pickle5
import time:       420 |        420 |                       _compat_pickle
import time:        76 |         76 |                       _pickle
import time:       468 |        468 |                           org
import time:       193 |        660 |                         org.python
import time:       159 |        819 |                       org.python.core
import time:      1571 |       2884 |                     pickle
import time:     12262 |      24804 |                   numpy.compat.py3k
import time:      8517 |      33321 |                 numpy.compat
import time:      4827 |       4827 |                 numpy.core._dtype
import time:      5911 |      44058 |               numpy.core._type_aliases
import time:      6452 |      56833 |             numpy.core.numerictypes
import time:       466 |        466 |                         _contextvars
import time:      1509 |       1974 |                       contextvars
import time:      5756 |       7730 |                     numpy.core._ufunc_config
import time:      5579 |      13309 |                   numpy.core._methods
import time:      7247 |      20555 |                 numpy.core.fromnumeric
import time:      6324 |      26879 |               numpy.core.shape_base
import time:      6425 |       6425 |               numpy.core.arrayprint
import time:      4962 |       4962 |               numpy.core._asarray
import time:      8385 |      46650 |             numpy.core.numeric
import time:      6933 |       6933 |             numpy.core.defchararray
import time:      4867 |       4867 |             numpy.core.records
import time:      5734 |       5734 |             numpy.core.memmap
import time:      5791 |       5791 |             numpy.core.function_base
import time:      5108 |       5108 |             numpy.core._machar
import time:      6204 |       6204 |             numpy.core.getlimits
import time:      6445 |       6445 |             numpy.core.einsumfunc
import time:     12115 |      12115 |               numpy.core._multiarray_tests
import time:      8346 |      20460 |             numpy.core._add_newdocs
import time:      5268 |       5268 |             numpy.core._add_newdocs_scalars
import time:      4025 |       4025 |             numpy.core._dtype_ctypes
import time:      5620 |       5620 |             numpy.core._internal
import time:      5754 |       5754 |             numpy._pytesttester
import time:     18518 |     680985 |           numpy.core
import time:       182 |     681166 |         numpy.core._multiarray_umath
import time:      9996 |     691162 |       numpy.__config__
import time:     10319 |      10319 |         numpy.lib.mixins
import time:      9115 |       9115 |             numpy.lib.ufunclike
import time:      9386 |      18500 |           numpy.lib.type_check
import time:     21793 |      40293 |         numpy.lib.scimath
import time:      9032 |       9032 |                     numpy.lib.stride_tricks
import time:      8244 |      17276 |                   numpy.lib.twodim_base
import time:     13089 |      13089 |                   numpy.linalg._umath_linalg
import time:       525 |        525 |                     __future__
import time:     12309 |      12309 |                     numpy._typing._nested_sequence
import time:      7223 |       7223 |                     numpy._typing._nbit
import time:      7758 |       7758 |                     numpy._typing._char_codes
import time:      8046 |       8046 |                     numpy._typing._scalars
import time:      7162 |       7162 |                     numpy._typing._shape
import time:      9152 |       9152 |                     numpy._typing._dtype_like
import time:      8536 |       8536 |                     numpy._typing._array_like
import time:     12684 |      73391 |                   numpy._typing
import time:     14938 |     118692 |                 numpy.linalg.linalg
import time:     12907 |     131599 |               numpy.linalg
import time:     13891 |     145490 |             numpy.matrixlib.defmatrix
import time:     10090 |     155579 |           numpy.matrixlib
import time:      9486 |       9486 |             numpy.lib.histograms
import time:     11289 |      20775 |           numpy.lib.function_base
import time:      9047 |     185400 |         numpy.lib.index_tricks
import time:      9849 |       9849 |         numpy.lib.nanfunctions
import time:      8061 |       8061 |         numpy.lib.shape_base
import time:      9061 |       9061 |         numpy.lib.polynomial
import time:      7705 |       7705 |         numpy.lib.utils
import time:      9149 |       9149 |         numpy.lib.arraysetops
import time:     10742 |      10742 |           numpy.lib.format
import time:      7819 |       7819 |           numpy.lib._datasource
import time:      7494 |       7494 |           numpy.lib._iotools
import time:      8849 |      34903 |         numpy.lib.npyio
import time:      8166 |       8166 |         numpy.lib.arrayterator
import time:      7340 |       7340 |         numpy.lib.arraypad
import time:      9038 |       9038 |         numpy.lib._version
import time:     13498 |     352776 |       numpy.lib
import time:     10105 |      10105 |           numpy.fft._pocketfft_internal
import time:     12436 |      22541 |         numpy.fft._pocketfft
import time:      5089 |       5089 |         numpy.fft.helper
import time:      9857 |      37486 |       numpy.fft
import time:      7355 |       7355 |           numpy.polynomial.polyutils
import time:      9434 |       9434 |           numpy.polynomial._polybase
import time:     15738 |      32526 |         numpy.polynomial.polynomial
import time:      8406 |       8406 |         numpy.polynomial.chebyshev
import time:      9471 |       9471 |         numpy.polynomial.legendre
import time:      9181 |       9181 |         numpy.polynomial.hermite
import time:      8666 |       8666 |         numpy.polynomial.hermite_e
import time:      9400 |       9400 |         numpy.polynomial.laguerre
import time:     11781 |      89430 |       numpy.polynomial
import time:       815 |        815 |                 backports_abc
import time:     35154 |      35969 |               numpy.random._common
import time:        55 |         55 |                   binascii
import time:       965 |       1020 |                 base64
import time:      2732 |       2732 |                   _hashlib
import time:        99 |         99 |                     _blake2
import time:      1012 |       1111 |                   hashlib
import time:      1125 |       4967 |                 hmac
import time:      1029 |       7014 |               secrets
import time:     15498 |      58480 |             numpy.random.bit_generator
import time:     16137 |      16137 |             numpy.random._bounded_integers
import time:      9505 |       9505 |             numpy.random._mt19937
import time:     43269 |     127390 |           numpy.random.mtrand
import time:      8310 |       8310 |           numpy.random._philox
import time:      8635 |       8635 |           numpy.random._pcg64
import time:      7939 |       7939 |           numpy.random._sfc64
import time:     41980 |      41980 |           numpy.random._generator
import time:     12766 |     207017 |         numpy.random._pickle
import time:     11130 |     218146 |       numpy.random
import time:      7104 |       7104 |       numpy.ctypeslib
import time:     19114 |      19114 |         numpy.ma.core
import time:     10250 |      10250 |         numpy.ma.extras
import time:     12052 |      41415 |       numpy.ma
import time:     35411 |    1542315 |     numpy
import time:   8189425 |    9731740 |   torch._C
import time:       667 |        667 |           org
import time:       292 |        959 |         org.python
import time:       205 |       1163 |       org.python.core
import time:       761 |       1923 |     copy
import time:      4835 |       4835 |     torch._namedtensor_internals
import time:      8440 |       8440 |     torch.overrides
import time:      5820 |      21016 |   torch._tensor
import time:      6144 |       6144 |     torch.types
import time:      6465 |      12609 |   torch.storage
import time:     12855 |      12855 |     torch.amp.autocast_mode
import time:      8532 |       8532 |     torch.amp.grad_scaler
import time:     10732 |      32117 |   torch.amp
import time:      5600 |       5600 |   torch.random
import time:        73 |         73 |         _heapq
import time:       992 |       1064 |       heapq
import time:      1747 |       2811 |     difflib
import time:        61 |         61 |       pwd
import time:        58 |         58 |       grp
import time:      3154 |       3272 |     tarfile
import time:      5668 |       5668 |     torch._weights_only_unpickler
import time:      6189 |       6189 |     torch._sources
import time:       873 |        873 |     mmap
import time:      7050 |      25859 |   torch.serialization
import time:       885 |        885 |     dataclasses
import time:      5488 |       6373 |   torch._tensor_str
import time:     14178 |      14178 |     torch.cuda.gds
import time:      7048 |       7048 |     torch.cuda._utils
import time:      9018 |       9018 |     torch.cuda.graphs
import time:      4519 |       4519 |       torch._streambase
import time:      8570 |      13088 |     torch.cuda.streams
import time:       805 |        805 |     pynvml
import time:       531 |        531 |               _json
import time:       653 |       1184 |             json.scanner
import time:       622 |       1806 |           json.decoder
import time:       287 |        287 |           json.encoder
import time:       935 |       3027 |         json
import time:      7651 |      10677 |       torch.cuda._memory_viz
import time:      7638 |      18315 |     torch.cuda.memory
import time:      8214 |       8214 |     torch.cuda.random
import time:     16433 |      16433 |       torch.cuda.amp.autocast_mode
import time:       472 |        472 |           importlib._abc
import time:       669 |       1141 |         importlib.util
import time:     10007 |      11147 |       torch.cuda.amp.common
import time:     10669 |      10669 |       torch.cuda.amp.grad_scaler
import time:     15473 |      53720 |     torch.cuda.amp
import time:      7402 |       7402 |     torch.cuda.jiterator
import time:      8301 |       8301 |     torch.cuda.nvtx
import time:      9637 |       9637 |     torch.cuda.profiler
import time:      8018 |       8018 |     torch.cuda.sparse
import time:      7222 |       7222 |     torch.cuda.tunable
import time:     33172 |     198133 |   torch.cuda
import time:      8371 |       8371 |       torch.sparse._semi_structured_conversions
import time:      8233 |       8233 |       torch.sparse._semi_structured_ops
import time:     13618 |      30221 |     torch.sparse.semi_structured
import time:      9679 |      39899 |   torch.sparse
import time:      4717 |       4717 |   torch._compile
import time:      7198 |       7198 |   torch._VF
import time:     11083 |      11083 |         torch.nn.parameter
import time:     10944 |      10944 |             torch._prims_common
import time:     20214 |      20214 |                 torch.utils.backcompat
import time:      8088 |       8088 |                 torch.utils.collect_env
import time:       207 |        207 |                         multiprocessing.process
import time:       458 |        458 |                         multiprocessing.reduction
import time:      1302 |       1966 |                       multiprocessing.context
import time:       757 |       2723 |                     multiprocessing
import time:       559 |        559 |                       _queue
import time:      1060 |       1619 |                     queue
import time:       467 |        467 |                         cmd
import time:       883 |        883 |                         bdb
import time:       698 |        698 |                           codeop
import time:      1410 |       2107 |                         code
import time:      1089 |       1089 |                         pprint
import time:      2514 |       7058 |                       pdb
import time:      7847 |       7847 |                         torch.utils._typing_utils
import time:      7596 |       7596 |                             torch.distributed.logging_handlers
import time:      9149 |      16745 |                           torch.distributed.c10d_logger
import time:     10138 |      10138 |                           torch.distributed.constants
import time:      7718 |       7718 |                           torch.distributed.rendezvous
import time:     12207 |      46806 |                         torch.distributed.distributed_c10d
import time:     13768 |      68420 |                       torch.distributed.device_mesh
import time:      8910 |       8910 |                       torch.distributed.remote_device
import time:     48160 |     132548 |                     torch.distributed
import time:     13331 |      13331 |                                     torch.utils.data.datapipes._hook_iterator
import time:     14380 |      27710 |                                   torch.utils.data.datapipes._typing
import time:      7554 |       7554 |                                     torch.utils._import_utils
import time:     23497 |      23497 |                                       torch.utils.data.datapipes.utils
import time:     26118 |      49614 |                                     torch.utils.data.datapipes.utils.common
import time:     11635 |      11635 |                                     torch.utils.data.dataset
import time:     15692 |      84494 |                                   torch.utils.data.datapipes.datapipe
import time:     13913 |     126115 |                                 torch.utils.data.datapipes._decorator
import time:     15805 |      15805 |                                   torch.utils.data.datapipes.dataframe.dataframe_wrapper
import time:     17257 |      33062 |                                 torch.utils.data.datapipes.dataframe.structures
import time:     27087 |     186263 |                               torch.utils.data.datapipes.dataframe.dataframes
import time:     14620 |      14620 |                               torch.utils.data.datapipes.dataframe.datapipes
import time:     32121 |     233003 |                             torch.utils.data.datapipes.dataframe
import time:     22188 |      22188 |                                     torch.utils.data._utils.collate
import time:     13045 |      13045 |                                     torch.utils.data._utils.fetch
import time:     10758 |      10758 |                                     torch.utils.data._utils.pin_memory
import time:     12666 |      12666 |                                     torch.utils.data._utils.signal_handling
import time:     14861 |      14861 |                                     torch.utils.data._utils.worker
import time:     21095 |      94610 |                                   torch.utils.data._utils
import time:       211 |      94820 |                                 torch.utils.data._utils.collate
import time:     29201 |     124021 |                               torch.utils.data.datapipes.iter.callable
import time:      9732 |       9732 |                                 torch.utils.data.sampler
import time:     16028 |      25759 |                               torch.utils.data.datapipes.iter.combinatorics
import time:     15364 |      15364 |                               torch.utils.data.datapipes.iter.combining
import time:     16665 |      16665 |                                 torch.utils.data.datapipes.iter.utils
import time:     17582 |      34246 |                               torch.utils.data.datapipes.iter.filelister
import time:     17065 |      17065 |                               torch.utils.data.datapipes.iter.fileopener
import time:     24762 |      24762 |                                 torch.utils.data.datapipes.iter.sharding
import time:     19051 |      43813 |                               torch.utils.data.datapipes.iter.grouping
import time:     14671 |      14671 |                                 torch.utils.data.datapipes.utils.decoder
import time:     17897 |      32567 |                               torch.utils.data.datapipes.iter.routeddecoder
import time:     16389 |      16389 |                               torch.utils.data.datapipes.iter.selecting
import time:     15153 |      15153 |                               torch.utils.data.datapipes.iter.streamreader
import time:     24317 |     348690 |                             torch.utils.data.datapipes.iter
import time:     24177 |      24177 |                               torch.utils.data.datapipes.map.callable
import time:     16905 |      16905 |                               torch.utils.data.datapipes.map.combinatorics
import time:     17351 |      17351 |                               torch.utils.data.datapipes.map.combining
import time:     15016 |      15016 |                               torch.utils.data.datapipes.map.grouping
import time:     15600 |      15600 |                               torch.utils.data.datapipes.map.utils
import time:     26352 |     115399 |                             torch.utils.data.datapipes.map
import time:     19054 |     716144 |                           torch.utils.data.datapipes
import time:       158 |     716302 |                         torch.utils.data.datapipes.iter
import time:       191 |     716492 |                       torch.utils.data.datapipes.iter.sharding
import time:     12508 |      12508 |                       torch.utils.data.graph
import time:     10658 |     739658 |                     torch.utils.data.graph_settings
import time:     17128 |     893673 |                   torch.utils.data.dataloader
import time:     11757 |      11757 |                   torch.utils.data.distributed
import time:     15403 |     920831 |                 torch.utils.data
import time:      7889 |       7889 |                 torch.utils.deterministic
import time:      8736 |       8736 |                 torch.utils.hooks
import time:      7824 |       7824 |                 torch.utils.backend_registration
import time:      8001 |       8001 |                 torch.utils.cpp_backtrace
import time:      8634 |       8634 |                 torch.utils.throughput_benchmark
import time:     14390 |    1004603 |               torch.utils
import time:     11285 |      11285 |               torchgen
import time:      7637 |       7637 |                   torchgen.code_template
import time:      8840 |      16476 |                 torchgen.utils
import time:     26036 |      42512 |               torchgen.model
import time:      7698 |    1066097 |             torch.utils._python_dispatch
import time:     20373 |    1097413 |           torch.nn.modules.module
import time:     15588 |      15588 |                   torch.distributed.autograd
import time:      9331 |       9331 |                     torch.futures
import time:     10493 |      10493 |                     torch.distributed.rpc._utils
import time:      9647 |       9647 |                     torch.distributed.rpc.constants
import time:     12307 |      12307 |                     torch.distributed.rpc.internal
import time:     16890 |      58666 |                   torch.distributed.rpc.api
import time:     11722 |      11722 |                   torch.distributed.rpc.backend_registry
import time:      8486 |       8486 |                   torch.distributed.rpc.functions
import time:     10918 |      10918 |                   torch.distributed.rpc.options
import time:     12141 |      12141 |                           torch.utils._pytree
import time:      5590 |      17730 |                         torch._vmap_internals
import time:      7949 |       7949 |                             torch.utils._contextlib
import time:      7626 |      15575 |                           torch.autograd.grad_mode
import time:     12231 |      27805 |                         torch.autograd.forward_ad
import time:      8039 |       8039 |                         torch.autograd.functional
import time:      8562 |       8562 |                           torch.autograd.variable
import time:     10445 |      19007 |                         torch.autograd.graph
import time:      7901 |       7901 |                         torch.autograd.anomaly_mode
import time:     10968 |      10968 |                           torch._functorch
import time:      7961 |       7961 |                                 torch.utils._exposed_in
import time:      7769 |      15729 |                               torch._functorch.utils
import time:     19388 |      19388 |                               torch._functorch.vmap
import time:     10353 |      45469 |                             torch._functorch.apis
import time:      7189 |       7189 |                               torch._functorch.pyfunctorch
import time:      6596 |      13784 |                             torch._ops
import time:     12609 |      71861 |                           torch._functorch.autograd_function
import time:     10384 |      93212 |                         torch.autograd.function
import time:     12573 |      12573 |                             torch.testing._utils
import time:        85 |         85 |                               cmath
import time:     10854 |      10939 |                             torch.testing._comparison
import time:      8223 |       8223 |                             torch.testing._creation
import time:     11450 |      43184 |                           torch.testing
import time:      9661 |      52844 |                         torch.autograd.gradcheck
import time:      9385 |       9385 |                           torch.autograd.profiler_util
import time:      8346 |      17730 |                         torch.autograd.profiler
import time:     14029 |     258293 |                       torch.autograd
import time:     11679 |     269971 |                     torch.autograd.profiler_legacy
import time:      9526 |     279497 |                   torch.distributed.rpc.server_process_global_profiler
import time:     20666 |     405540 |                 torch.distributed.rpc
import time:      1582 |       1582 |                             pickletools
import time:      7053 |       7053 |                             torch.package._digraph
import time:      8272 |       8272 |                             torch.package._importlib
import time:      7852 |       7852 |                             torch.package._mangling
import time:      9389 |       9389 |                               torch.package.importer
import time:      9225 |      18613 |                             torch.package._package_pickler
import time:      7800 |       7800 |                             torch.package._stdlib
import time:      7298 |       7298 |                             torch.package.find_file_dependencies
import time:      7576 |       7576 |                             torch.package.glob_group
import time:     11536 |      77579 |                           torch.package.package_exporter
import time:     16014 |      93592 |                         torch.package.analyze.find_first_use_of_broken_modules
import time:     10514 |      10514 |                         torch.package.analyze.trace_dependencies
import time:     23393 |     127497 |                       torch.package.analyze
import time:     11796 |     139293 |                     torch.package.analyze.is_from_package
import time:      8907 |       8907 |                     torch.package.file_structure_representation
import time:      8539 |       8539 |                       torch.package._directory_reader
import time:      9052 |       9052 |                       torch.package._package_unpickler
import time:      8910 |      26501 |                     torch.package.package_importer
import time:     11405 |     186104 |                   torch.package
import time:       221 |     186324 |                 torch.package._mangling
import time:      8610 |       8610 |                 torch._awaits
import time:      7944 |     608417 |               torch._jit_internal
import time:     10262 |      10262 |               torch._torch_docs
import time:      5933 |       5933 |               torch.nn._reduction
import time:     11366 |      11366 |                 torch.nn.modules.utils
import time:      8442 |      19808 |               torch.nn.grad
import time:     86227 |     730645 |             torch.nn.functional
import time:      7724 |       7724 |             torch.nn.init
import time:     12385 |      12385 |             torch.nn.modules.lazy
import time:     10777 |     761530 |           torch.nn.modules.linear
import time:     10561 |      10561 |           torch.nn.modules.activation
import time:     11809 |      11809 |             torch.nn.modules.container
import time:     10457 |      22266 |           torch.nn.modules.adaptive
import time:     10344 |      10344 |             torch.nn.modules._functions
import time:     12940 |      23284 |           torch.nn.modules.batchnorm
import time:     10056 |      10056 |           torch.nn.modules.channelshuffle
import time:      7678 |       7678 |             torch.nn.common_types
import time:     11568 |      19245 |           torch.nn.modules.conv
import time:     11223 |      11223 |           torch.nn.modules.distance
import time:     11839 |      11839 |           torch.nn.modules.dropout
import time:     10639 |      10639 |           torch.nn.modules.flatten
import time:     12026 |      12026 |           torch.nn.modules.fold
import time:     12382 |      12382 |           torch.nn.modules.instancenorm
import time:     11422 |      11422 |           torch.nn.modules.loss
import time:      9925 |       9925 |           torch.nn.modules.normalization
import time:     10888 |      10888 |           torch.nn.modules.padding
import time:      9548 |       9548 |           torch.nn.modules.pixelshuffle
import time:     13118 |      13118 |           torch.nn.modules.pooling
import time:      6807 |       6807 |                     torch.__future__
import time:     11602 |      18409 |                   torch.nn.utils.parametrize
import time:     16456 |      34864 |                 torch.nn.utils.parametrizations
import time:     11542 |      11542 |                 torch.nn.utils.rnn
import time:     11190 |      11190 |                   torch.nn.utils._named_member_accessor
import time:     12735 |      23925 |                 torch.nn.utils.stateless
import time:      6726 |       6726 |                   torch.utils._foreach_utils
import time:     11690 |      18416 |                 torch.nn.utils.clip_grad
import time:     10225 |      10225 |                 torch.nn.utils.convert_parameters
import time:     10524 |      10524 |                 torch.nn.utils.fusion
import time:      8915 |       8915 |                 torch.nn.utils.init
import time:      9723 |       9723 |                 torch.nn.utils.memory_format
import time:     10605 |      10605 |                 torch.nn.utils.spectral_norm
import time:      9314 |       9314 |                 torch.nn.utils.weight_norm
import time:     17513 |     165562 |               torch.nn.utils
import time:       649 |     166211 |             torch.nn.utils.rnn
import time:     54898 |     221108 |           torch.nn.modules.rnn
import time:     10985 |      10985 |           torch.nn.modules.sparse
import time:     11415 |      11415 |           torch.nn.modules.transformer
import time:      9761 |       9761 |           torch.nn.modules.upsampling
import time:     21859 |    2332482 |         torch.nn.modules
import time:     17899 |      17899 |               torch.backends.cpu
import time:     14798 |      14798 |               torch.backends.cuda
import time:     13486 |      13486 |               torch.backends.cudnn
import time:     12537 |      12537 |               torch.backends.cusparselt
import time:     13077 |      13077 |               torch.backends.mha
import time:     14787 |      14787 |               torch.backends.mkl
import time:     12960 |      12960 |               torch.backends.mkldnn
import time:      9425 |       9425 |                       torch._library.utils
import time:     12669 |      22093 |                     torch._library.autograd
import time:      7432 |       7432 |                     torch._library.fake_impl
import time:      8093 |       8093 |                     torch._library.simple_registry
import time:      8285 |       8285 |                     torch._library.fake_class_registry
import time:      8368 |       8368 |                       torch._library.custom_ops
import time:      8049 |       8049 |                       torch._library.infer_schema
import time:      7385 |      23802 |                     torch._library.triton
import time:     12914 |      82616 |                   torch._library
import time:      7329 |      89945 |                 torch.library
import time:     12611 |     102555 |               torch.backends.mps
import time:     13231 |      13231 |               torch.backends.nnpack
import time:     14596 |      14596 |               torch.backends.openmp
import time:     14700 |      14700 |               torch.backends.quantized
import time:     12382 |     257001 |             torch.backends
import time:       208 |     257208 |           torch.backends.cuda
import time:     12403 |     269610 |         torch.nn.attention
import time:     11248 |      11248 |             torch.nn.parallel.parallel_apply
import time:      9518 |       9518 |                 torch.cuda.nccl
import time:     12541 |      22058 |               torch.nn.parallel.comm
import time:     12132 |      34189 |             torch.nn.parallel.replicate
import time:     11894 |      11894 |               torch.nn.parallel._functions
import time:     13715 |      25608 |             torch.nn.parallel.scatter_gather
import time:     19387 |      90431 |           torch.nn.parallel.data_parallel
import time:     19172 |      19172 |                 torch.distributed.algorithms.join
import time:     18279 |      37450 |               torch.distributed.algorithms
import time:       206 |      37655 |             torch.distributed.algorithms.join
import time:      9276 |       9276 |             torch.distributed.utils
import time:     17183 |      64113 |           torch.nn.parallel.distributed
import time:     15618 |     170161 |         torch.nn.parallel
import time:     10933 |    2794267 |       torch.nn
import time:       238 |    2794505 |     torch.nn.functional
import time:      6783 |       6783 |       torch._linalg_utils
import time:      6456 |      13239 |     torch._lowrank
import time:     38168 |    2845910 |   torch.functional
import time:      6316 |       6316 |   torch.__config__
import time:     19957 |      19957 |       torch.cpu.amp.autocast_mode
import time:     12002 |      12002 |       torch.cpu.amp.grad_scaler
import time:     17204 |      49162 |     torch.cpu.amp
import time:     14509 |      63671 |   torch.cpu
import time:      9100 |       9100 |       torch.distributions.constraints
import time:      8628 |       8628 |       torch.distributions.utils
import time:     18889 |      36616 |     torch.distributions.transforms
import time:     11039 |      11039 |         torch.distributions.distribution
import time:      8915 |      19953 |       torch.distributions.exp_family
import time:      8669 |      28622 |     torch.distributions.bernoulli
import time:     10181 |      10181 |       torch.distributions.dirichlet
import time:      8723 |      18904 |     torch.distributions.beta
import time:     10786 |      10786 |     torch.distributions.binomial
import time:      7698 |       7698 |     torch.distributions.categorical
import time:      9959 |       9959 |     torch.distributions.cauchy
import time:     10106 |      10106 |       torch.distributions.gamma
import time:      8016 |      18121 |     torch.distributions.chi2
import time:     10118 |      10118 |     torch.distributions.constraint_registry
import time:      9947 |       9947 |     torch.distributions.continuous_bernoulli
import time:      8818 |       8818 |     torch.distributions.exponential
import time:      8324 |       8324 |     torch.distributions.fishersnedecor
import time:      9115 |       9115 |     torch.distributions.geometric
import time:      9058 |       9058 |         torch.distributions.independent
import time:      9756 |      18813 |       torch.distributions.transformed_distribution
import time:      9286 |       9286 |       torch.distributions.uniform
import time:     10738 |      38837 |     torch.distributions.gumbel
import time:      9188 |       9188 |     torch.distributions.half_cauchy
import time:     12234 |      12234 |       torch.distributions.normal
import time:      9067 |      21300 |     torch.distributions.half_normal
import time:      8989 |       8989 |     torch.distributions.inverse_gamma
import time:      9189 |       9189 |       torch.distributions.laplace
import time:      9001 |       9001 |         torch.distributions.multivariate_normal
import time:     10022 |      19023 |       torch.distributions.lowrank_multivariate_normal
import time:      9370 |       9370 |       torch.distributions.one_hot_categorical
import time:      8498 |       8498 |       torch.distributions.pareto
import time:      8552 |       8552 |       torch.distributions.poisson
import time:     11632 |      66260 |     torch.distributions.kl
import time:     11128 |      11128 |     torch.distributions.kumaraswamy
import time:      9299 |       9299 |     torch.distributions.lkj_cholesky
import time:     11300 |      11300 |     torch.distributions.log_normal
import time:     10996 |      10996 |     torch.distributions.logistic_normal
import time:     10098 |      10098 |     torch.distributions.mixture_same_family
import time:     11489 |      11489 |     torch.distributions.multinomial
import time:      9260 |       9260 |     torch.distributions.negative_binomial
import time:     10010 |      10010 |     torch.distributions.relaxed_bernoulli
import time:      9896 |       9896 |     torch.distributions.relaxed_categorical
import time:     10603 |      10603 |     torch.distributions.studentT
import time:     10124 |      10124 |           torch.jit._builtins
import time:     16178 |      26301 |         torch.jit._async
import time:      9354 |       9354 |         torch.jit._await
import time:     11367 |      11367 |         torch.jit._decomposition_utils
import time:      6172 |       6172 |             torch._classes
import time:      8089 |       8089 |             torch.jit._fuser
import time:       830 |        830 |               monkeytype
import time:      8897 |       9727 |             torch.jit._monkeytype_config
import time:      9040 |       9040 |               torch.jit._check
import time:      7498 |       7498 |               torch.jit._state
import time:      8126 |       8126 |                 torch.jit.annotations
import time:      7915 |       7915 |                 torch.jit._dataclass_impls
import time:       529 |        529 |                 astunparse
import time:      8708 |      25276 |               torch.jit.frontend
import time:      8679 |      50490 |             torch.jit._recursive
import time:      7816 |       7816 |             torch.jit._serialization
import time:     10679 |      92971 |           torch.jit._script
import time:     11898 |     104868 |         torch.jit._freeze
import time:      8286 |       8286 |         torch.jit._ir_utils
import time:      9682 |       9682 |         torch.jit._trace
import time:     12240 |     182096 |       torch.jit
import time:      8805 |     190900 |     torch.distributions.von_mises
import time:      6929 |       6929 |     torch.distributions.weibull
import time:      8743 |       8743 |     torch.distributions.wishart
import time:     21139 |     653378 |   torch.distributions
import time:      9563 |       9563 |   torch.fft
import time:       733 |        733 |       _uuid
import time:      1606 |       2338 |     uuid
import time:      1033 |       1033 |     zipfile
import time:       395 |        395 |       urllib.response
import time:       574 |        968 |     urllib.error
import time:       640 |        640 |       email
import time:       813 |        813 |         http
import time:      1043 |       1043 |             email.errors
import time:       244 |        244 |                 email.quoprimime
import time:       165 |        165 |                 email.base64mime
import time:       538 |        538 |                     quopri
import time:       346 |        884 |                   email.encoders
import time:       574 |       1457 |                 email.charset
import time:      2040 |       3904 |               email.header
import time:       595 |        595 |                   calendar
import time:       391 |        985 |                 email._parseaddr
import time:       575 |       1560 |               email.utils
import time:       747 |       6210 |             email._policybase
import time:       984 |       8236 |           email.feedparser
import time:       442 |       8678 |         email.parser
import time:       243 |        243 |           email._encoded_words
import time:       232 |        232 |           email.iterators
import time:      1348 |       1822 |         email.message
import time:      1599 |       1599 |           _ssl
import time:      2107 |       3706 |         ssl
import time:      1703 |      16720 |       http.client
import time:      3320 |      20678 |     urllib.request
import time:     11830 |      11830 |       tqdm._monitor
import time:      7884 |       7884 |       tqdm._tqdm_pandas
import time:       112 |        112 |             unicodedata
import time:      7779 |       7891 |           tqdm.utils
import time:     10688 |      18578 |         tqdm.std
import time:      7148 |       7148 |           tqdm._dist_ver
import time:      7803 |      14951 |         tqdm.version
import time:      8282 |      41810 |       tqdm.cli
import time:      7327 |       7327 |       tqdm.gui
import time:     11165 |      80014 |     tqdm
import time:      8267 |     113295 |   torch.hub
import time:     10535 |      10535 |   torch.linalg
import time:     12519 |      12519 |     torch.mps.profiler
import time:      6070 |       6070 |     torch.mps.event
import time:     10760 |      29347 |   torch.mps
import time:     13202 |      13202 |     torch.mtia._utils
import time:      9869 |      23071 |   torch.mtia
import time:       409 |        409 |       multiprocessing.util
import time:       306 |        306 |       multiprocessing.resource_sharer
import time:     12105 |      12819 |     torch.multiprocessing.reductions
import time:       496 |        496 |         _multiprocessing
import time:       534 |        534 |         _winapi
import time:      1144 |       2173 |       multiprocessing.connection
import time:       399 |        399 |         concurrent
import time:       649 |        649 |         concurrent.futures._base
import time:       855 |       1902 |       concurrent.futures
import time:       420 |        420 |       concurrent.futures.thread
import time:      9363 |      13857 |     torch.multiprocessing.spawn
import time:     10170 |      36845 |   torch.multiprocessing
import time:     11156 |      11156 |   torch.nested
import time:      8355 |       8355 |       torch.optim.optimizer
import time:     12739 |      21094 |     torch.optim.lr_scheduler
import time:      7571 |       7571 |     torch.optim.swa_utils
import time:      8805 |       8805 |     torch.optim._adafactor
import time:      7708 |       7708 |     torch.optim.adadelta
import time:      6778 |       6778 |     torch.optim.adagrad
import time:      8005 |       8005 |     torch.optim.adam
import time:      8398 |       8398 |     torch.optim.adamax
import time:      8288 |       8288 |     torch.optim.adamw
import time:      9157 |       9157 |     torch.optim.asgd
import time:      7306 |       7306 |     torch.optim.lbfgs
import time:      7574 |       7574 |     torch.optim.nadam
import time:      9579 |       9579 |     torch.optim.radam
import time:      7945 |       7945 |     torch.optim.rmsprop
import time:      7985 |       7985 |     torch.optim.rprop
import time:      6722 |       6722 |     torch.optim.sgd
import time:      7299 |       7299 |       torch.optim._functional
import time:      8214 |      15512 |     torch.optim.sparse_adam
import time:     13677 |     162096 |   torch.optim
import time:       607 |        607 |       gzip
import time:      8573 |       8573 |         torch.profiler._utils
import time:     10107 |      18680 |       torch.profiler._memory_profiler
import time:     12333 |      31618 |     torch.profiler.profiler
import time:      7822 |       7822 |     torch.profiler.itt
import time:     10361 |      49801 |   torch.profiler
import time:      9929 |       9929 |   torch.special
import time:     11205 |      11205 |     torch.xpu._utils
import time:      7444 |       7444 |     torch.xpu.streams
import time:      7538 |       7538 |     torch.xpu.memory
import time:      8071 |       8071 |     torch.xpu.random
import time:     10718 |      44974 |   torch.xpu
import time:     15253 |      15253 |       torch.signal.windows.windows
import time:     20278 |      35530 |     torch.signal.windows
import time:      9379 |      44908 |   torch.signal
import time:      9423 |       9423 |   torch.ao
import time:     17675 |      17675 |       torch.ao.nn
import time:     29002 |      29002 |         torch.ao.nn.intrinsic.modules.fused
import time:     32285 |      61286 |       torch.ao.nn.intrinsic.modules
import time:     23797 |     102757 |     torch.ao.nn.intrinsic
import time:     23989 |      23989 |       torch.nn.intrinsic.modules.fused
import time:     30041 |      54029 |     torch.nn.intrinsic.modules
import time:     28742 |      28742 |                     torch.ao.nn.qat.modules.conv
import time:     18169 |      18169 |                     torch.ao.nn.qat.modules.embedding_ops
import time:     16997 |      16997 |                     torch.ao.nn.qat.modules.linear
import time:     36655 |     100561 |                   torch.ao.nn.qat.modules
import time:     21901 |     122462 |                 torch.ao.nn.qat
import time:     32913 |     155375 |               torch.ao.nn.intrinsic.qat.modules.conv_fused
import time:     20942 |      20942 |               torch.ao.nn.intrinsic.qat.modules.linear_fused
import time:     18093 |      18093 |               torch.ao.nn.intrinsic.qat.modules.linear_relu
import time:     45621 |     240028 |             torch.ao.nn.intrinsic.qat.modules
import time:     28448 |     268476 |           torch.ao.nn.intrinsic.qat
import time:     29897 |     298373 |         torch.nn.intrinsic.qat.modules.conv_fused
import time:     14778 |      14778 |         torch.nn.intrinsic.qat.modules.linear_fused
import time:     17980 |      17980 |         torch.nn.intrinsic.qat.modules.linear_relu
import time:     36132 |     367260 |       torch.nn.intrinsic.qat.modules
import time:     19239 |     386498 |     torch.nn.intrinsic.qat
import time:     33604 |      33604 |                                 torch.ao.nn.quantizable.modules.activation
import time:     18391 |      18391 |                                 torch.ao.nn.quantizable.modules.rnn
import time:     39290 |      91285 |                               torch.ao.nn.quantizable.modules
import time:     20390 |     111674 |                             torch.ao.nn.quantizable
import time:     26375 |      26375 |                             torch.ao.nn.quantized.modules.activation
import time:     15650 |      15650 |                             torch.ao.nn.quantized.modules.batchnorm
import time:     15440 |      15440 |                               torch.ao.nn.quantized.modules.utils
import time:     16028 |      31467 |                             torch.ao.nn.quantized.modules.conv
import time:     14954 |      14954 |                             torch.ao.nn.quantized.modules.dropout
import time:     16577 |      16577 |                             torch.ao.nn.quantized.modules.embedding_ops
import time:     14996 |      14996 |                             torch.ao.nn.quantized.modules.functional_modules
import time:     16403 |      16403 |                             torch.ao.nn.quantized.modules.linear
import time:     16832 |      16832 |                             torch.ao.nn.quantized.modules.normalization
import time:     18559 |      18559 |                             torch.ao.nn.quantized.modules.rnn
import time:     27041 |     310524 |                           torch.ao.nn.quantized.modules
import time:       243 |     310767 |                         torch.ao.nn.quantized.modules.utils
import time:     22862 |     333628 |                       torch.ao.nn.quantized.functional
import time:     16840 |     350468 |                     torch.ao.nn.quantized
import time:     27989 |     378456 |                   torch.ao.nn.intrinsic.quantized.modules.bn_relu
import time:     22749 |      22749 |                   torch.ao.nn.intrinsic.quantized.modules.conv_add
import time:     20587 |      20587 |                   torch.ao.nn.intrinsic.quantized.modules.conv_relu
import time:     19355 |      19355 |                   torch.ao.nn.intrinsic.quantized.modules.linear_relu
import time:     32239 |     473384 |                 torch.ao.nn.intrinsic.quantized.modules
import time:     22819 |     496203 |               torch.ao.nn.intrinsic.quantized
import time:     36239 |      36239 |                       torch.ao.nn.quantized.dynamic.modules.conv
import time:     24987 |      24987 |                       torch.ao.nn.quantized.dynamic.modules.linear
import time:     23750 |      23750 |                       torch.ao.nn.quantized.dynamic.modules.rnn
import time:     44877 |     129851 |                     torch.ao.nn.quantized.dynamic.modules
import time:     26813 |     156664 |                   torch.ao.nn.quantized.dynamic
import time:     36257 |     192920 |                 torch.ao.nn.intrinsic.quantized.dynamic.modules.linear_relu
import time:     54573 |     247493 |               torch.ao.nn.intrinsic.quantized.dynamic.modules
import time:     32301 |     775996 |             torch.ao.nn.intrinsic.quantized.dynamic
import time:     33047 |     809042 |           torch.nn.intrinsic.quantized.dynamic.modules.linear_relu
import time:     45292 |     854334 |         torch.nn.intrinsic.quantized.dynamic.modules
import time:     36996 |     891329 |       torch.nn.intrinsic.quantized.dynamic
import time:     30603 |      30603 |         torch.nn.intrinsic.quantized.modules.bn_relu
import time:     20207 |      20207 |         torch.nn.intrinsic.quantized.modules.conv_relu
import time:     19359 |      19359 |         torch.nn.intrinsic.quantized.modules.linear_relu
import time:     27912 |      98080 |       torch.nn.intrinsic.quantized.modules
import time:     21887 |    1011296 |     torch.nn.intrinsic.quantized
import time:     14959 |    1569537 |   torch.nn.intrinsic
import time:     35262 |      35262 |                   torch.ao.nn.qat.dynamic.modules.linear
import time:     50150 |      85411 |                 torch.ao.nn.qat.dynamic.modules
import time:     31912 |     117322 |               torch.ao.nn.qat.dynamic
import time:       271 |     117593 |             torch.ao.nn.qat.dynamic.modules
import time:       294 |     117887 |           torch.ao.nn.qat.dynamic.modules.linear
import time:     39024 |     156910 |         torch.nn.qat.dynamic.modules.linear
import time:     41143 |     198053 |       torch.nn.qat.dynamic.modules
import time:     35732 |     233785 |     torch.nn.qat.dynamic
import time:     25551 |      25551 |       torch.nn.qat.modules.conv
import time:     18575 |      18575 |       torch.nn.qat.modules.embedding_ops
import time:     16876 |      16876 |       torch.nn.qat.modules.linear
import time:     20886 |      81886 |     torch.nn.qat.modules
import time:     19264 |     334934 |   torch.nn.qat
import time:     33106 |      33106 |     torch.nn.quantizable.modules
import time:     16901 |      50006 |   torch.nn.quantizable
import time:     30218 |      30218 |     torch.nn.quantized.dynamic
import time:     11305 |      11305 |     torch.nn.quantized.functional
import time:     20888 |      20888 |     torch.nn.quantized.modules
import time:     18195 |      80604 |   torch.nn.quantized
import time:      6347 |       6347 |   torch._size_docs
import time:      4702 |       4702 |   torch._storage_docs
import time:      8206 |       8206 |   torch._tensor_docs
import time:     11906 |      11906 |                 torch.ao.quantization.quant_type
import time:      7474 |       7474 |                     torch.fx._compatibility
import time:      8309 |       8309 |                         torch.fx.immutable_collections
import time:      8325 |       8325 |                         torch.fx.operator_schemas
import time:     16574 |      33207 |                       torch.fx.node
import time:      6152 |       6152 |                         torch.return_types
import time:      8270 |      14422 |                       torch.fx._pytree
import time:     13062 |      60690 |                     torch.fx.graph
import time:     13154 |      81317 |                   torch.fx.graph_module
import time:      7153 |       7153 |                     torch.fx._lazy_graph_module
import time:      7643 |       7643 |                       torch.utils._traceback
import time:      8611 |       8611 |                       torch.fx.traceback
import time:     11725 |      27978 |                     torch.fx.proxy
import time:      9666 |      44797 |                   torch.fx._symbolic_trace
import time:      8754 |       8754 |                     torch.fx.config
import time:      8696 |      17450 |                   torch.fx.interpreter
import time:      7963 |       7963 |                   torch.fx.subgraph_rewriter
import time:     11539 |     163063 |                 torch.fx
import time:     11319 |     186287 |               torch.ao.quantization.utils
import time:     13110 |     199396 |             torch.ao.quantization.observer
import time:     17811 |     217207 |           torch.ao.quantization.fake_quantize
import time:     11559 |      11559 |             torch.ao.quantization.fuser_method_mappings
import time:     11353 |      22912 |           torch.ao.quantization.fuse_modules
import time:     18045 |      18045 |             torch.ao.quantization.pt2e
import time:     14306 |      14306 |                 torch.ao.ns
import time:     25428 |      39734 |               torch.ao.ns.fx
import time:     13168 |      13168 |               torch.ao.ns.fx.ns_types
import time:     20159 |      73060 |             torch.ao.ns.fx.utils
import time:     21924 |     113029 |           torch.ao.quantization.pt2e._numeric_debugger
import time:     13370 |      13370 |           torch.ao.quantization.pt2e.export_utils
import time:     11121 |      11121 |           torch.ao.quantization.qconfig
import time:     11601 |      11601 |           torch.ao.quantization.qconfig_mapping
import time:     18701 |      18701 |                   torch.ao.nn.quantized.reference.modules.utils
import time:     29568 |      48268 |                 torch.ao.nn.quantized.reference.modules.conv
import time:     20253 |      20253 |                 torch.ao.nn.quantized.reference.modules.linear
import time:     18972 |      18972 |                 torch.ao.nn.quantized.reference.modules.rnn
import time:     17758 |      17758 |                 torch.ao.nn.quantized.reference.modules.sparse
import time:     40114 |     145364 |               torch.ao.nn.quantized.reference.modules
import time:     22872 |     168236 |             torch.ao.nn.quantized.reference
import time:     14369 |      14369 |                     torch.ao.nn.sparse.quantized.linear
import time:     16441 |      16441 |                     torch.ao.nn.sparse.quantized.utils
import time:     31145 |      61955 |                   torch.ao.nn.sparse.quantized.dynamic.linear
import time:     35013 |      96967 |                 torch.ao.nn.sparse.quantized.dynamic
import time:     28609 |     125576 |               torch.ao.nn.sparse.quantized
import time:     17730 |     143305 |             torch.ao.nn.sparse
import time:     13849 |      13849 |             torch.ao.quantization.stubs
import time:     11721 |     337109 |           torch.ao.quantization.quantization_mappings
import time:     13283 |      13283 |           torch.ao.quantization.quantize
import time:      8361 |       8361 |           torch.ao.quantization.quantize_jit
import time:     17225 |     765214 |         torch.ao.quantization
import time:       556 |     765770 |       torch.ao.quantization.fake_quantize
import time:     13051 |     778820 |     torch.quantization.fake_quantize
import time:      6860 |       6860 |     torch.quantization.fuse_modules
import time:      6774 |       6774 |     torch.quantization.fuser_method_mappings
import time:      8134 |       8134 |     torch.quantization.observer
import time:      8087 |       8087 |     torch.quantization.qconfig
import time:      6923 |       6923 |     torch.quantization.quant_type
import time:      8593 |       8593 |     torch.quantization.quantization_mappings
import time:      8022 |       8022 |     torch.quantization.quantize
import time:      8067 |       8067 |     torch.quantization.quantize_jit
import time:      8660 |       8660 |     torch.quantization.stubs
import time:     14828 |     863763 |   torch.quantization
import time:      7495 |       7495 |   torch.quasirandom
import time:      7161 |       7161 |   torch.multiprocessing._atfork
import time:      5936 |       5936 |   torch._lobpcg
import time:      9306 |       9306 |       torch.masked._docs
import time:     11337 |      11337 |             torch.masked.maskedtensor.core
import time:     19443 |      30780 |           torch.masked.maskedtensor.binary
import time:     11735 |      11735 |           torch.masked.maskedtensor.passthrough
import time:     11823 |      11823 |             torch.masked.maskedtensor.creation
import time:     12279 |      24102 |           torch.masked.maskedtensor.reductions
import time:     14224 |      14224 |           torch.masked.maskedtensor.unary
import time:     15815 |      96655 |         torch.masked.maskedtensor
import time:       372 |      97026 |       torch.masked.maskedtensor.core
import time:     13477 |     119807 |     torch.masked._ops
import time:     10880 |     130686 |   torch.masked
import time:      8887 |       8887 |   torch.utils.dlpack
import time:     10473 |      10473 |                 torch._dispatch
import time:       280 |        280 |                       unittest.util
import time:       528 |        807 |                     unittest.result
import time:      1062 |       1062 |                     unittest.case
import time:       263 |        263 |                     unittest.suite
import time:       460 |        460 |                     unittest.loader
import time:       783 |        783 |                         gettext
import time:      1445 |       2228 |                       argparse
import time:       247 |        247 |                         unittest.signals
import time:      1722 |       1968 |                       unittest.runner
import time:       892 |       5087 |                     unittest.main
import time:      1287 |       8962 |                   unittest
import time:       249 |        249 |                       asyncio.constants
import time:       339 |        339 |                       asyncio.coroutines
import time:       271 |        271 |                         asyncio.format_helpers
import time:       218 |        218 |                           asyncio.base_futures
import time:       313 |        313 |                           asyncio.exceptions
import time:       234 |        234 |                           asyncio.base_tasks
import time:      1735 |       2499 |                         _asyncio
import time:      1028 |       3797 |                       asyncio.events
import time:       483 |        483 |                       asyncio.futures
import time:       158 |        158 |                       asyncio.protocols
import time:       224 |        224 |                         asyncio.transports
import time:       105 |        105 |                         asyncio.log
import time:      1097 |       1425 |                       asyncio.sslproto
import time:       131 |        131 |                           asyncio.mixins
import time:       378 |        378 |                           asyncio.tasks
import time:      1203 |       1711 |                         asyncio.locks
import time:       390 |       2101 |                       asyncio.staggered
import time:       154 |        154 |                       asyncio.trsock
import time:      2966 |      11669 |                     asyncio.base_events
import time:       521 |        521 |                     asyncio.runners
import time:       428 |        428 |                     asyncio.queues
import time:       386 |        386 |                     asyncio.streams
import time:       215 |        215 |                     asyncio.subprocess
import time:       128 |        128 |                     asyncio.taskgroups
import time:       284 |        284 |                     asyncio.timeouts
import time:       179 |        179 |                     asyncio.threads
import time:       422 |        422 |                       asyncio.base_subprocess
import time:       822 |        822 |                       asyncio.selector_events
import time:      2364 |       3606 |                     asyncio.unix_events
import time:      3084 |      20497 |                   asyncio
import time:       663 |        663 |                   pkgutil
import time:      2060 |      32180 |                 unittest.mock
import time:     13644 |      56295 |               torch._dispatch.python
import time:      8933 |       8933 |                 torch.utils.weak
import time:      9060 |      17993 |               torch._guards
import time:      7862 |       7862 |                             torch._logging.structured
import time:     10740 |      18602 |                           torch._logging._internal
import time:     11891 |      30492 |                         torch._logging._registrations
import time:     10192 |      40684 |                       torch._logging
import time:      8292 |       8292 |                       torch.utils._mode_utils
import time:     11878 |      60852 |                     torch._subclasses.meta_utils
import time:      8307 |       8307 |                     torch.utils._backport_slots
import time:      7541 |       7541 |                     torch.utils._stats
import time:     12459 |      12459 |                         torch.fx.experimental
import time:     17712 |      30171 |                       torch.fx.experimental.sym_node
import time:      9917 |      40087 |                     torch._subclasses._fake_tensor_utils
import time:     12124 |      12124 |                       torch._custom_op
import time:     10169 |      22293 |                     torch._subclasses.fake_impls
import time:     18470 |     157547 |                   torch._subclasses.fake_tensor
import time:      9952 |       9952 |                   torch._subclasses.fake_utils
import time:     10555 |     178054 |                 torch._subclasses
import time:       203 |     178256 |               torch._subclasses.meta_utils
import time:     12424 |     264967 |             torch.fx.passes.shape_prop
import time:       631 |        631 |             pydot
import time:     17037 |     282634 |           torch.fx.passes.graph_drawer
import time:     10748 |      10748 |           torch.fx.passes.graph_manipulation
import time:     13129 |      13129 |                   torch.fx.passes.utils.matcher_utils
import time:     18679 |      31808 |                 torch.fx.passes.utils.common
import time:     16458 |      48265 |               torch.fx.passes.utils
import time:     11200 |      11200 |               torch.fx.passes.tools_common
import time:     10610 |      70073 |             torch.fx.passes.split_utils
import time:     11261 |      81334 |           torch.fx.passes.net_min_base
import time:     10165 |      10165 |           torch.fx.passes.operator_support
import time:     10421 |      10421 |           torch.fx.passes.param_fetch
import time:     11863 |      11863 |           torch.fx.passes.reinplace
import time:      7515 |       7515 |             torch.fx._utils
import time:      8318 |       8318 |               torch.utils._thunk
import time:      8679 |       8679 |               torch.fx.experimental._backward_state
import time:     14302 |      31298 |             torch.fx.experimental.proxy_tensor
import time:     11205 |      50016 |           torch.fx.passes.runtime_assert
import time:     10223 |      10223 |           torch.fx.passes.split_module
import time:     11196 |      11196 |           torch.fx.passes.splitter_base
import time:     16187 |     494783 |         torch.fx.passes
import time:     12813 |      12813 |           torch.fx.passes.infra.pass_base
import time:     22039 |      34852 |         torch.fx.passes.infra.pass_manager
import time:     18236 |     547870 |       torch.fx.passes.infra
import time:       260 |     548130 |     torch.fx.passes.infra.pass_base
import time:     10053 |      10053 |                   torch._inductor
import time:      7977 |       7977 |                   torch.utils._config_module
import time:     24946 |      42975 |                 torch._inductor.config
import time:      9789 |       9789 |                   numpy._core
import time:     12403 |      22192 |                 numpy._core._multiarray_umath
import time:     11353 |      76519 |               torch._subclasses.functional_tensor
import time:      8757 |       8757 |               torch._higher_order_ops.utils
import time:     12983 |      98258 |             torch._higher_order_ops.cond
import time:      9703 |       9703 |             torch._higher_order_ops.flex_attention
import time:      9291 |       9291 |             torch._higher_order_ops.hints_wrap
import time:      8291 |       8291 |             torch._higher_order_ops.while_loop
import time:     10332 |     135872 |           torch._higher_order_ops
import time:       270 |     136142 |         torch._higher_order_ops.utils
import time:      9749 |       9749 |             torch.export._tree_utils
import time:     10802 |      10802 |             torch.export.graph_signature
import time:      8906 |       8906 |                   torch._custom_op.autograd
import time:     14392 |      23297 |                 torch._custom_op.impl
import time:      6532 |      29829 |               torch._custom_ops
import time:      8453 |       8453 |               torch._higher_order_ops.strict_mode
import time:     11410 |      49691 |             torch._export.wrappers
import time:     12899 |      83140 |           torch._export
import time:      9740 |      92879 |         torch._export.utils
import time:      8025 |       8025 |         torch._export.verifier
import time:     10633 |     247676 |       torch.export.exported_program
import time:     14445 |     262121 |     torch.export.dynamic_shapes
import time:     13151 |      13151 |               torch._functorch._aot_autograd
import time:     16209 |      29359 |             torch._functorch._aot_autograd.utils
import time:      7793 |      37152 |           torch._higher_order_ops.torchbind
import time:      8127 |      45279 |         torch._higher_order_ops.effects
import time:      7944 |      53223 |       torch.export._remove_effect_tokens_pass
import time:      8598 |      61820 |     torch.export.unflatten
import time:     11179 |     883248 |   torch.export
import time:     10287 |      10287 |       torch.fx.experimental.const_fold
import time:      8778 |      19065 |     torch._functorch.eager_transforms
import time:      7989 |       7989 |     torch._functorch.functional_call
import time:      6398 |       6398 |     torch._functorch.batch_norm_replacement
import time:     11692 |      45143 |   torch.func
import time:      8558 |       8558 |             torch.utils._content_store
import time:     13223 |      21780 |           torch._prims.debug_prims
import time:      7534 |       7534 |           torch._prims.rng_prims
import time:     11176 |      11176 |           torch._prims_common.wrappers
import time:   6997421 |    7037910 |         torch._prims
import time:      8530 |       8530 |         torch._higher_order_ops.out_dtype
import time:     33683 |    7080122 |       torch._decomp.decompositions
import time:     12438 |      12438 |         torch._refs._conversions
import time:     12782 |      12782 |         torch._refs.fft
import time:     13891 |      13891 |         torch._refs.linalg
import time:     14822 |      14822 |           torch._refs.nn
import time:     26926 |      41748 |         torch._refs.nn.functional
import time:     15031 |      15031 |         torch._refs.special
import time:     39188 |     135075 |       torch._refs
import time:     10522 |    7225718 |     torch._decomp
import time:     76336 |    7302053 |   torch._meta_registrations
import time:      9694 |       9694 |   torch.compiler
import time:        85 |         85 |       _csv
import time:      1182 |       1266 |     csv
import time:        51 |         51 |         importlib.metadata._functools
import time:       256 |        306 |       importlib.metadata._text
import time:       342 |        647 |     importlib.metadata._adapters
import time:       202 |        202 |     importlib.metadata._meta
import time:       394 |        394 |     importlib.metadata._collections
import time:       149 |        149 |     importlib.metadata._itertools
import time:       248 |        248 |             importlib.resources.abc
import time:       360 |        360 |             importlib.resources._adapters
import time:       727 |       1333 |           importlib.resources._common
import time:       167 |        167 |           importlib.resources._legacy
import time:       607 |       2106 |         importlib.resources
import time:       204 |       2310 |       importlib.resources.abc
import time:       792 |       3102 |     importlib.abc
import time:      2500 |       8258 |   importlib.metadata
import time:    884541 |   26786473 | torch
